Using pre-set license
Built from '2021.3/staging' branch; Version is '2021.3.9f1 (ad3870b89536) revision 11352176'; Using compiler version '192829333'; Build Type 'Release'
OS: 'Windows 10  (10.0.19045) 64bit Professional' Language: 'pt' Physical Memory: 12243 MB
BatchMode: 1, IsHumanControllingUs: 0, StartBugReporterOnCrash: 0, Is64bit: 1, IsPro: 1

COMMAND LINE ARGUMENTS:
C:\Program Files\Unity\Hub\Editor\2021.3.9f1\Editor\Unity.exe
-adb2
-batchMode
-noUpm
-name
AssetImportWorker0
-projectPath
D:/Programing and Realated/Projects/Character Controller 2019/Assets
-logFile
Logs/AssetImportWorker0.log
-srvPort
59129
Successfully changed project path to: D:/Programing and Realated/Projects/Character Controller 2019/Assets
D:/Programing and Realated/Projects/Character Controller 2019/Assets
[UnityMemory] Configuration Parameters - Can be set up in boot.config
    "memorysetup-bucket-allocator-granularity=16"
    "memorysetup-bucket-allocator-bucket-count=8"
    "memorysetup-bucket-allocator-block-size=33554432"
    "memorysetup-bucket-allocator-block-count=8"
    "memorysetup-main-allocator-block-size=16777216"
    "memorysetup-thread-allocator-block-size=16777216"
    "memorysetup-gfx-main-allocator-block-size=16777216"
    "memorysetup-gfx-thread-allocator-block-size=16777216"
    "memorysetup-cache-allocator-block-size=4194304"
    "memorysetup-typetree-allocator-block-size=2097152"
    "memorysetup-profiler-bucket-allocator-granularity=16"
    "memorysetup-profiler-bucket-allocator-bucket-count=8"
    "memorysetup-profiler-bucket-allocator-block-size=33554432"
    "memorysetup-profiler-bucket-allocator-block-count=8"
    "memorysetup-profiler-allocator-block-size=16777216"
    "memorysetup-profiler-editor-allocator-block-size=1048576"
    "memorysetup-temp-allocator-size-main=16777216"
    "memorysetup-job-temp-allocator-block-size=2097152"
    "memorysetup-job-temp-allocator-block-size-background=1048576"
    "memorysetup-job-temp-allocator-reduction-small-platforms=262144"
    "memorysetup-temp-allocator-size-background-worker=32768"
    "memorysetup-temp-allocator-size-job-worker=262144"
    "memorysetup-temp-allocator-size-preload-manager=33554432"
    "memorysetup-temp-allocator-size-nav-mesh-worker=65536"
    "memorysetup-temp-allocator-size-audio-worker=65536"
    "memorysetup-temp-allocator-size-cloud-worker=32768"
    "memorysetup-temp-allocator-size-gi-baking-worker=262144"
    "memorysetup-temp-allocator-size-gfx=262144"
Refreshing native plugins compatible for Editor in 125.37 ms, found 3 plugins.
Preloading 0 native plugins for Editor in 0.00 ms.
Initialize engine version: 2021.3.9f1 (ad3870b89536)
[Subsystems] Discovering subsystems at path C:/Program Files/Unity/Hub/Editor/2021.3.9f1/Editor/Data/Resources/UnitySubsystems
[Subsystems] Discovering subsystems at path D:/Programing and Realated/Projects/Character Controller 2019/Assets/Assets
GfxDevice: creating device client; threaded=0; jobified=0
Direct3D:
    Version:  Direct3D 11.0 [level 11.1]
    Renderer: NVIDIA GeForce GTX 1050 (ID=0x1c83)
    Vendor:   NVIDIA
    VRAM:     2995 MB
    Driver:   31.0.15.3640
Initialize mono
Mono path[0] = 'C:/Program Files/Unity/Hub/Editor/2021.3.9f1/Editor/Data/Managed'
Mono path[1] = 'C:/Program Files/Unity/Hub/Editor/2021.3.9f1/Editor/Data/MonoBleedingEdge/lib/mono/unityjit-win32'
Mono config path = 'C:/Program Files/Unity/Hub/Editor/2021.3.9f1/Editor/Data/MonoBleedingEdge/etc'
Using monoOptions --debugger-agent=transport=dt_socket,embedding=1,server=y,suspend=n,address=127.0.0.1:56620
Begin MonoManager ReloadAssembly
Registering precompiled unity dll's ...
Register platform support module: C:/Program Files/Unity/Hub/Editor/2021.3.9f1/Editor/Data/PlaybackEngines/WindowsStandaloneSupport/UnityEditor.WindowsStandalone.Extensions.dll
Registered in 0.025490 seconds.
Native extension for WindowsStandalone target not found
Refreshing native plugins compatible for Editor in 120.62 ms, found 3 plugins.
Preloading 0 native plugins for Editor in 0.00 ms.
Mono: successfully reloaded assembly
- Completed reload, in  1.232 seconds
Domain Reload Profiling:
	ReloadAssembly (1233ms)
		BeginReloadAssembly (161ms)
			ExecutionOrderSort (0ms)
			DisableScriptedObjects (0ms)
			BackupInstance (0ms)
			ReleaseScriptingObjects (0ms)
			CreateAndSetChildDomain (1ms)
		EndReloadAssembly (833ms)
			LoadAssemblies (156ms)
			RebuildTransferFunctionScriptingTraits (0ms)
			SetupTypeCache (206ms)
			ReleaseScriptCaches (0ms)
			RebuildScriptCaches (58ms)
			SetupLoadedEditorAssemblies (471ms)
				LogAssemblyErrors (0ms)
				InitializePlatformSupportModulesInManaged (16ms)
				SetLoadedEditorAssemblies (0ms)
				RefreshPlugins (121ms)
				BeforeProcessingInitializeOnLoad (3ms)
				ProcessInitializeOnLoadAttributes (248ms)
				ProcessInitializeOnLoadMethodAttributes (83ms)
				AfterProcessingInitializeOnLoad (0ms)
				EditorAssembliesLoaded (0ms)
			ExecutionOrderSort2 (0ms)
			AwakeInstancesAfterBackupRestoration (0ms)
Platform modules already initialized, skipping
Registering precompiled user dll's ...
Registered in 0.010591 seconds.
Begin MonoManager ReloadAssembly
Symbol file LoadedFromMemory doesn't match image D:\Programing and Realated\Projects\Character Controller 2019\Assets\Library\PackageCache\com.unity.visualscripting@1.7.8\Editor\VisualScripting.Core\Dependencies\YamlDotNet\Unity.VisualScripting.YamlDotNet.dll
Symbol file LoadedFromMemory doesn't match image D:\Programing and Realated\Projects\Character Controller 2019\Assets\Library\PackageCache\com.unity.visualscripting@1.7.8\Editor\VisualScripting.Core\Dependencies\DotNetZip\Unity.VisualScripting.IonicZip.dll
Native extension for WindowsStandalone target not found
Refreshing native plugins compatible for Editor in 0.75 ms, found 3 plugins.
Preloading 0 native plugins for Editor in 0.00 ms.
Mono: successfully reloaded assembly
- Completed reload, in  1.859 seconds
Domain Reload Profiling:
	ReloadAssembly (1861ms)
		BeginReloadAssembly (205ms)
			ExecutionOrderSort (0ms)
			DisableScriptedObjects (11ms)
			BackupInstance (0ms)
			ReleaseScriptingObjects (0ms)
			CreateAndSetChildDomain (30ms)
		EndReloadAssembly (1403ms)
			LoadAssemblies (171ms)
			RebuildTransferFunctionScriptingTraits (0ms)
			SetupTypeCache (412ms)
			ReleaseScriptCaches (1ms)
			RebuildScriptCaches (92ms)
			SetupLoadedEditorAssemblies (663ms)
				LogAssemblyErrors (0ms)
				InitializePlatformSupportModulesInManaged (12ms)
				SetLoadedEditorAssemblies (1ms)
				RefreshPlugins (1ms)
				BeforeProcessingInitializeOnLoad (137ms)
				ProcessInitializeOnLoadAttributes (435ms)
				ProcessInitializeOnLoadMethodAttributes (59ms)
				AfterProcessingInitializeOnLoad (19ms)
				EditorAssembliesLoaded (0ms)
			ExecutionOrderSort2 (0ms)
			AwakeInstancesAfterBackupRestoration (13ms)
Platform modules already initialized, skipping
========================================================================
Worker process is ready to serve import requests
Launched and connected shader compiler UnityShaderCompiler.exe after 0.12 seconds
Refreshing native plugins compatible for Editor in 0.84 ms, found 3 plugins.
Preloading 0 native plugins for Editor in 0.00 ms.
Unloading 3259 Unused Serialized files (Serialized files now loaded: 0)
Unloading 24 unused Assets / (55.4 KB). Loaded Objects now: 3719.
Memory consumption went from 111.8 MB to 111.7 MB.
Total: 4.511300 ms (FindLiveObjects: 0.482600 ms CreateObjectMapping: 0.222800 ms MarkObjects: 3.700800 ms  DeleteObjects: 0.103400 ms)

AssetImportParameters requested are different than current active one (requested -> active):
  custom:video-decoder-ogg-theora: a1e56fd34408186e4bbccfd4996cb3dc -> 
  custom:container-muxer-webm: aa71ff27fc2769a1b78a27578f13a17b -> 
  custom:container-demuxer-webm: 4f35f7cbe854078d1ac9338744f61a02 -> 
  custom:video-encoder-webm-vp8: eb34c28f22e8b96e1ab97ce403110664 -> 
  custom:audio-encoder-webm-vorbis: bf7c407c2cedff20999df2af8eb42d56 -> 
  custom:framework-win-MediaFoundation: 216162199b28c13a410421893ffa2e32 -> 
  custom:container-demuxer-ogg: 62fdf1f143b41e24485cea50d1cbac27 -> 
  custom:video-decoder-webm-vp8: 9c59270c3fd7afecdb556c50c9e8de78 -> 
  custom:audio-decoder-ogg-vorbis: bf7c407c2cedff20999df2af8eb42d56 -> 
========================================================================
Received Import Request.
  Time since last request: 15527.440369 seconds.
  path: Assets/Game_Icon.png
  artifactKey: Guid(6e8a917978782f142a3babccafba5ffa) Importer(815301076,1909f56bfc062723c751e8b465ee728b)
Start importing Assets/Game_Icon.png using Guid(6e8a917978782f142a3babccafba5ffa) Importer(815301076,1909f56bfc062723c751e8b465ee728b)  -> (artifact id: 'a88e4cf278ed18371115b0732975ad40') in 0.304903 seconds 
========================================================================
Received Import Request.
  Time since last request: 0.000047 seconds.
  path: Assets/CilinderPlatform.prefab
  artifactKey: Guid(520624ec42e6ea04dac8948cfe180b76) Importer(815301076,1909f56bfc062723c751e8b465ee728b)
Start importing Assets/CilinderPlatform.prefab using Guid(520624ec42e6ea04dac8948cfe180b76) Importer(815301076,1909f56bfc062723c751e8b465ee728b)  -> (artifact id: '648ed7db2598f5d998cdf209558df673') in 0.082910 seconds 
========================================================================
Received Import Request.
  Time since last request: 254.399815 seconds.
  path: Assets/Colliders/CilinderPlatform.asset
  artifactKey: Guid(19eb7c7b168da05468e29b9cb5c4e912) Importer(815301076,1909f56bfc062723c751e8b465ee728b)
Start importing Assets/Colliders/CilinderPlatform.asset using Guid(19eb7c7b168da05468e29b9cb5c4e912) Importer(815301076,1909f56bfc062723c751e8b465ee728b)  -> (artifact id: 'd2a776ce1969d6ad8d934ad136074208') in 0.345007 seconds 
========================================================================
Received Import Request.
  Time since last request: 0.000058 seconds.
  path: Assets/Colliders/PlaneColliderVaultLong.asset
  artifactKey: Guid(779b741942d98144ebd02151a74a4b89) Importer(815301076,1909f56bfc062723c751e8b465ee728b)
Start importing Assets/Colliders/PlaneColliderVaultLong.asset using Guid(779b741942d98144ebd02151a74a4b89) Importer(815301076,1909f56bfc062723c751e8b465ee728b)  -> (artifact id: '3019fe812995290e999066d3740e24c4') in 0.026193 seconds 
========================================================================
Received Import Request.
  Time since last request: 0.000049 seconds.
  path: Assets/Colliders/ColliderThickVault.asset
  artifactKey: Guid(909ccccb29f96f74a9b14b60fbb2ae37) Importer(815301076,1909f56bfc062723c751e8b465ee728b)
Start importing Assets/Colliders/ColliderThickVault.asset using Guid(909ccccb29f96f74a9b14b60fbb2ae37) Importer(815301076,1909f56bfc062723c751e8b465ee728b)  -> (artifact id: 'a303d181347a1088dd9a9f3d934a5913') in 0.030270 seconds 
========================================================================
Received Import Request.
  Time since last request: 0.000035 seconds.
  path: Assets/Colliders/Flying Platform Mesh.asset
  artifactKey: Guid(86dcb37a34d2c9a41827fd2f5dd58795) Importer(815301076,1909f56bfc062723c751e8b465ee728b)
Start importing Assets/Colliders/Flying Platform Mesh.asset using Guid(86dcb37a34d2c9a41827fd2f5dd58795) Importer(815301076,1909f56bfc062723c751e8b465ee728b)  -> (artifact id: 'a5ad932d51418e206dd696b73fefeef4') in 0.026426 seconds 
========================================================================
Received Import Request.
  Time since last request: 0.000035 seconds.
  path: Assets/Colliders/ColliderVaultThin.asset
  artifactKey: Guid(9d0ca29476b04884e954037de343c5a5) Importer(815301076,1909f56bfc062723c751e8b465ee728b)
Start importing Assets/Colliders/ColliderVaultThin.asset using Guid(9d0ca29476b04884e954037de343c5a5) Importer(815301076,1909f56bfc062723c751e8b465ee728b)  -> (artifact id: '219af01d5b4c2b613d25f71b8f060d0a') in 0.025676 seconds 
